23:31:28.148 [main                     ] DEBUG Logger               - Configured Logger
23:31:28.193 [main                     ] DEBUG GameApplication      - Logging settings
Title: Intro
Version: 0.0
Width: 700
Height: 500
Fullscreen: false
Intro: false
Profiling: false
Single step:false
App Mode: DEVELOPER
Menu Key: ESCAPE
Stage Style: DECORATED
Scene Factory: class com.almasb.fxgl.app.scene.SceneFactory

23:31:28.364 [JavaFX Application Thread] DEBUG FXGLApplication      - Initializing FXGL
23:31:28.375 [JavaFX Application Thread] INFO  Engine               - FXGL-17.2 (20.08.2022 16.50) on WINDOWS (J:17.0.6 FX:19.0.2)
23:31:28.376 [JavaFX Application Thread] DEBUG Engine               - JRE Vendor Name: Azul Systems, Inc.
23:31:28.376 [JavaFX Application Thread] DEBUG Engine               - Running on OS: Windows 10 version 10.0
23:31:28.376 [JavaFX Application Thread] DEBUG Engine               - Architecture: amd64
23:31:28.376 [JavaFX Application Thread] INFO  Engine               - Source code and latest versions at: https://github.com/AlmasB/FXGL
23:31:28.377 [JavaFX Application Thread] INFO  Engine               -       Ask questions and discuss at: https://github.com/AlmasB/FXGL/discussions
23:31:28.377 [JavaFX Application Thread] INFO  Engine               -              Join the FXGL chat at: https://gitter.im/AlmasB/FXGL
23:31:28.484 [JavaFX Application Thread] DEBUG PrimaryStageWindow   - Creating a JavaFX scene
23:31:28.523 [JavaFX Application Thread] DEBUG PrimaryStageWindow   - Target settings size: 700.0 x 500.0
23:31:28.523 [JavaFX Application Thread] DEBUG PrimaryStageWindow   - Scaled scene size:    700.0 x 500.0
23:31:28.524 [JavaFX Application Thread] DEBUG PrimaryStageWindow   - Scaled ratio: (1.0, 1.0)
23:31:28.526 [JavaFX Application Thread] DEBUG PrimaryStageWindow   - Set initial scene to FXGLStartupScene
23:31:28.536 [JavaFX Application Thread] DEBUG PrimaryStageWindow   - Opening main window
23:31:28.614 [JavaFX Application Thread] DEBUG PrimaryStageWindow   - Window border size: (16.0, 39.0)
23:31:28.614 [JavaFX Application Thread] DEBUG PrimaryStageWindow   - Scaled size: 700.0 x 500.0
23:31:28.614 [JavaFX Application Thread] DEBUG PrimaryStageWindow   - Scaled ratio: (1.0, 1.0)
23:31:28.615 [JavaFX Application Thread] DEBUG PrimaryStageWindow   - Scene size: 700.0 x 500.0
23:31:28.615 [JavaFX Application Thread] DEBUG PrimaryStageWindow   - Stage size: 716.0 x 539.0
23:31:28.670 [FXGL Background Thread 1 ] DEBUG Engine               - Initializing environment variables
23:31:28.761 [FXGL Background Thread 1 ] DEBUG FXGLAssetLoaderServi - User app class for loading assets: class com.mycompany.deepfaked.Intro
23:31:28.761 [FXGL Background Thread 1 ] DEBUG GameApplicationServi - Applying CSS: fxgl_dark.css
23:31:28.763 [FXGL Background Thread 1 ] DEBUG FXGLAssetLoaderServi - Loading from file system: jar:file:/C:/Users/ZENODotus/.m2/repository/com/github/almasb/fxgl/17.2/fxgl-17.2.jar!/fxglassets/ui/css/fxgl_dark.css
23:31:28.854 [FXGL Background Thread 1 ] DEBUG GameApplicationServi - Initializing application scenes
23:31:28.954 [FXGL Background Thread 1 ] DEBUG GameWorld            - Game world initialized
23:31:29.080 [FXGL Background Thread 1 ] DEBUG PhysicsWorld         - Physics world initialized: appHeight=500, physics.ppm=50,0
23:31:29.081 [FXGL Background Thread 1 ] DEBUG PhysicsWorld         - Using strategy: BRUTE_FORCE
23:31:29.086 [FXGL Background Thread 1 ] DEBUG GameScene            - Game scene initialized: 700x500
23:31:29.099 [FXGL Background Thread 1 ] WARN  FXGL.DefaultMenu     - FXGLDefaultMenu is not designed for resolutions < 800x600
23:31:29.099 [FXGL Background Thread 1 ] DEBUG FXGL.DefaultMenu     - createMenuBodyGameMenu()
23:31:29.110 [FXGL Background Thread 1 ] DEBUG FXGL.DefaultMenu     - createOptionsMenu()
23:31:29.127 [FXGL Background Thread 1 ] DEBUG FXGLAssetLoaderServi - Loading from file system: jar:file:/C:/Users/ZENODotus/.m2/repository/com/github/almasb/fxgl/17.2/fxgl-17.2.jar!/fxglassets/textures/particles/smoke.png
23:31:29.280 [FXGL Background Thread 1 ] DEBUG FXGLAssetLoaderServi - Loading from file system: jar:file:/C:/Users/ZENODotus/.m2/repository/com/github/almasb/fxgl/17.2/fxgl-17.2.jar!/fxglassets/textures/particles/trace_horizontal.png
23:31:29.351 [FXGL Background Thread 1 ] DEBUG GameApplicationServi - Application scenes initialized
23:31:29.367 [FXGL Background Thread 1 ] DEBUG SystemBundleService  - Loading FXGL system data
23:31:29.367 [FXGL Background Thread 1 ] DEBUG FileSystemAccess     - Reading from: C:\Users\ZENODotus\Documents\NetBeansProjects\Deepfaked\system\fxgl.bundle
23:31:29.384 [FXGL Background Thread 1 ] DEBUG SystemBundleService  - Bundle FXGL: {}
23:31:29.384 [FXGL Background Thread 1 ] DEBUG UpdaterService       - Checking for updates
23:31:29.384 [FXGL Background Thread 1 ] DEBUG FXGLApplication      - Loading default localization
23:31:29.395 [FXGL Background Thread 1 ] DEBUG FXGLAssetLoaderServi - Loading from file system: jar:file:/C:/Users/ZENODotus/.m2/repository/com/github/almasb/fxgl/17.2/fxgl-17.2.jar!/fxglassets/languages/english.lang
23:31:29.395 [FXGL Background Thread 4 ] DEBUG FXGLApplication      - Loading fonts
23:31:29.396 [FXGL Background Thread 4 ] DEBUG FXGLAssetLoaderServi - Loading from file system: jar:file:/C:/Users/ZENODotus/.m2/repository/com/github/almasb/fxgl/17.2/fxgl-17.2.jar!/fxglassets/ui/fonts/VarelaRound-Regular.ttf
23:31:29.432 [FXGL Background Thread 1 ] INFO  FXGLApplication      - FXGL initialization took: 0,770 sec
23:31:29.432 [JavaFX Application Thread] DEBUG FXGLAssetLoaderServi - Loading from file system: jar:file:/C:/Users/ZENODotus/.m2/repository/com/github/almasb/fxgl/17.2/fxgl-17.2.jar!/fxglassets/textures/fxgl_icon.png
23:31:29.554 [JavaFX Application Thread] DEBUG FXGLAssetLoaderServi - Loading from file system: jar:file:/C:/Users/ZENODotus/.m2/repository/com/github/almasb/fxgl/17.2/fxgl-17.2.jar!/fxglassets/textures/fxgl_default_cursor.png
23:31:29.567 [JavaFX Application Thread] DEBUG Input                - Registered new binding: Screenshot - CTRL+8
23:31:29.567 [JavaFX Application Thread] DEBUG Input                - Registered new binding: System info dump - CTRL+9
23:31:29.567 [JavaFX Application Thread] DEBUG Input                - Registered new binding: Restart - CTRL+R
23:31:29.570 [JavaFX Application Thread] DEBUG Input                - Registered new binding: Toggle Debug Camera - CTRL+7
23:31:29.574 [JavaFX Application Thread] DEBUG LoopRunner           - Starting loop
23:31:29.574 [JavaFX Application Thread] DEBUG LoopRunner           - Initializing JavaFX AnimationTimerLoop
23:31:29.599 [JavaFX Application Thread] DEBUG GameApplicationServi - Starting new game
23:31:29.600 [JavaFX Application Thread] DEBUG Input                - Clearing active input actions
23:31:29.634 [JavaFX Application Thread] DEBUG GameApplicationServi - Removing overlay from FXGLStartupScene and adding to FXGLLoadingScene
23:31:29.634 [JavaFX Application Thread] DEBUG PrimaryStageWindow   - FXGLStartupScene -> FXGLLoadingScene
23:31:29.634 [JavaFX Application Thread] DEBUG GameApplicationServi - Clearing previous game
23:31:29.634 [JavaFX Application Thread] DEBUG GameScene            - Clearing game scene
23:31:29.634 [JavaFX Application Thread] DEBUG GameWorld            - Clearing game world
23:31:29.634 [JavaFX Application Thread] DEBUG PhysicsWorld         - Clearing physics world
23:31:29.647 [FXGL Background Thread 1 ] DEBUG FXGLApplication      - Initializing game
23:31:29.705 [FXGL Background Thread 1 ] DEBUG FXGLAssetLoaderServi - Loading from file system: file:/C:/Users/ZENODotus/Documents/NetBeansProjects/Deepfaked/target/classes/assets/textures/tiktokBoss.jpg
23:31:29.747 [FXGL Background Thread 1 ] DEBUG FXGLAssetLoaderServi - Loading from file system: file:/C:/Users/ZENODotus/Documents/NetBeansProjects/Deepfaked/target/classes/assets/textures/dialog-translucent.png
23:31:29.762 [FXGL Background Thread 1 ] INFO  FXGLApplication      - Game initialization took: 0,114 sec
23:31:29.827 [JavaFX Application Thread] DEBUG Input                - Clearing active input actions
23:31:29.847 [JavaFX Application Thread] DEBUG GameApplicationServi - Removing overlay from FXGLLoadingScene and adding to GameScene
23:31:29.847 [JavaFX Application Thread] DEBUG PrimaryStageWindow   - FXGLLoadingScene -> GameScene
23:31:30.038 [FXGL Background Thread 4 ] DEBUG FXGLAssetLoaderServi - Loading from file system: jar:file:/C:/Users/ZENODotus/.m2/repository/com/github/almasb/fxgl/17.2/fxgl-17.2.jar!/fxglassets/ui/fonts/Abel-Regular.ttf
23:31:30.051 [FXGL Background Thread 4 ] DEBUG FXGLAssetLoaderServi - Loading from file system: jar:file:/C:/Users/ZENODotus/.m2/repository/com/github/almasb/fxgl/17.2/fxgl-17.2.jar!/fxglassets/ui/fonts/TerminalLandMono-Regular.otf
23:31:30.055 [FXGL Background Thread 4 ] DEBUG FXGLAssetLoaderServi - Loading from file system: jar:file:/C:/Users/ZENODotus/.m2/repository/com/github/almasb/fxgl/17.2/fxgl-17.2.jar!/fxglassets/ui/fonts/Courier-Prime.ttf
23:31:30.055 [JavaFX Application Thread] DEBUG FXGLApplication      - Registering font factories with UI factory
23:31:32.396 [FXGL Background Thread 3 ] DEBUG Engine               - Logging environment variables
23:31:32.397 [FXGL Background Thread 3 ] DEBUG Engine               - achievements: []
23:31:32.397 [FXGL Background Thread 3 ] DEBUG Engine               - actualHeight: 500.0
23:31:32.397 [FXGL Background Thread 3 ] DEBUG Engine               - actualHeightProperty: ReadOnlyDoubleProperty [value: 500.0]
23:31:32.397 [FXGL Background Thread 3 ] DEBUG Engine               - actualWidth: 700.0
23:31:32.397 [FXGL Background Thread 3 ] DEBUG Engine               - actualWidthProperty: ReadOnlyDoubleProperty [value: 700.0]
23:31:32.397 [FXGL Background Thread 3 ] DEBUG Engine               - appIcon: fxgl_icon.png
23:31:32.398 [FXGL Background Thread 3 ] DEBUG Engine               - applicationMode: DEVELOPER
23:31:32.398 [FXGL Background Thread 3 ] DEBUG Engine               - cSSList: [fxgl_dark.css]
23:31:32.398 [FXGL Background Thread 3 ] DEBUG Engine               - collisionDetectionStrategy: BRUTE_FORCE
23:31:32.398 [FXGL Background Thread 3 ] DEBUG Engine               - configClass: Optional.empty
23:31:32.398 [FXGL Background Thread 3 ] DEBUG Engine               - credits: []
23:31:32.399 [FXGL Background Thread 3 ] DEBUG Engine               - defaultCursor: CursorInfo(imageName=fxgl_default_cursor.png, hotspotX=7.0, hotspotY=6.0)
23:31:32.399 [FXGL Background Thread 3 ] DEBUG Engine               - devBBoxColorProperty: ObjectProperty [value: 0xff0000ff]
23:31:32.399 [FXGL Background Thread 3 ] DEBUG Engine               - devEnableDebugCameraProperty: BooleanProperty [value: false]
23:31:32.399 [FXGL Background Thread 3 ] DEBUG Engine               - devSensorColorProperty: ObjectProperty [value: 0xffff00ff]
23:31:32.400 [FXGL Background Thread 3 ] DEBUG Engine               - devShowBBoxProperty: BooleanProperty [value: false]
23:31:32.400 [FXGL Background Thread 3 ] DEBUG Engine               - devShowPositionProperty: BooleanProperty [value: false]
23:31:32.400 [FXGL Background Thread 3 ] DEBUG Engine               - enabledMenuItems: []
23:31:32.400 [FXGL Background Thread 3 ] DEBUG Engine               - engineServices: [class com.almasb.fxgl.app.services.FXGLAssetLoaderService, class com.almasb.fxgl.app.FXGLApplication$GameApplicationService, class com.almasb.fxgl.app.services.FXGLDialogService, class com.almasb.fxgl.app.services.IOTaskExecutorService, class com.almasb.fxgl.io.FileSystemService, class com.almasb.fxgl.localization.LocalizationService, class com.almasb.fxgl.app.services.SystemBundleService, class com.almasb.fxgl.profile.SaveLoadService, class com.almasb.fxgl.ui.FXGLUIFactoryServiceProvider, class com.almasb.fxgl.ui.FXGLDialogFactoryServiceProvider, class com.almasb.fxgl.audio.AudioPlayer, class com.almasb.fxgl.notification.impl.NotificationServiceProvider, class com.almasb.fxgl.achievement.AchievementService, class com.almasb.fxgl.cutscene.CutsceneService, class com.almasb.fxgl.minigames.MiniGameService, class com.almasb.fxgl.net.NetService, class com.almasb.fxgl.app.services.UpdaterService, class com.almasb.fxgl.dev.DevService]
23:31:32.400 [FXGL Background Thread 3 ] DEBUG Engine               - fontGame: Abel-Regular.ttf
23:31:32.402 [FXGL Background Thread 3 ] DEBUG Engine               - fontMono: TerminalLandMono-Regular.otf
23:31:32.404 [FXGL Background Thread 3 ] DEBUG Engine               - fontText: Courier-Prime.ttf
23:31:32.404 [FXGL Background Thread 3 ] DEBUG Engine               - fontUI: VarelaRound-Regular.ttf
23:31:32.406 [FXGL Background Thread 3 ] DEBUG Engine               - fullScreen: BooleanProperty [value: false]
23:31:32.406 [FXGL Background Thread 3 ] DEBUG Engine               - gameDifficulty: MEDIUM
23:31:32.406 [FXGL Background Thread 3 ] DEBUG Engine               - gameDifficultyProperty: ObjectProperty [value: MEDIUM]
23:31:32.407 [FXGL Background Thread 3 ] DEBUG Engine               - globalMusicVolume: 0.5
23:31:32.407 [FXGL Background Thread 3 ] DEBUG Engine               - globalMusicVolumeProperty: DoubleProperty [value: 0.5]
23:31:32.407 [FXGL Background Thread 3 ] DEBUG Engine               - globalSoundVolume: 0.5
23:31:32.407 [FXGL Background Thread 3 ] DEBUG Engine               - globalSoundVolumeProperty: DoubleProperty [value: 0.5]
23:31:32.407 [FXGL Background Thread 3 ] DEBUG Engine               - height: 500
23:31:32.407 [FXGL Background Thread 3 ] DEBUG Engine               - is3D: false
23:31:32.407 [FXGL Background Thread 3 ] DEBUG Engine               - isAndroid: false
23:31:32.407 [FXGL Background Thread 3 ] DEBUG Engine               - isBrowser: false
23:31:32.407 [FXGL Background Thread 3 ] DEBUG Engine               - isClickFeedbackEnabled: false
23:31:32.407 [FXGL Background Thread 3 ] DEBUG Engine               - isCloseConfirmation: false
23:31:32.408 [FXGL Background Thread 3 ] DEBUG Engine               - isDesktop: true
23:31:32.408 [FXGL Background Thread 3 ] DEBUG Engine               - isDeveloperMenuEnabled: false
23:31:32.408 [FXGL Background Thread 3 ] DEBUG Engine               - isEmbedded: false
23:31:32.408 [FXGL Background Thread 3 ] DEBUG Engine               - isEntityPreloadEnabled: true
23:31:32.408 [FXGL Background Thread 3 ] DEBUG Engine               - isExperimentalTiledLargeMap: false
23:31:32.408 [FXGL Background Thread 3 ] DEBUG Engine               - isFileSystemWriteAllowed: true
23:31:32.409 [FXGL Background Thread 3 ] DEBUG Engine               - isFullScreenAllowed: false
23:31:32.409 [FXGL Background Thread 3 ] DEBUG Engine               - isFullScreenFromStart: false
23:31:32.409 [FXGL Background Thread 3 ] DEBUG Engine               - isGameMenuEnabled: true
23:31:32.409 [FXGL Background Thread 3 ] DEBUG Engine               - isIOS: false
23:31:32.409 [FXGL Background Thread 3 ] DEBUG Engine               - isIntroEnabled: false
23:31:32.409 [FXGL Background Thread 3 ] DEBUG Engine               - isLinux: false
23:31:32.409 [FXGL Background Thread 3 ] DEBUG Engine               - isMac: false
23:31:32.409 [FXGL Background Thread 3 ] DEBUG Engine               - isMainMenuEnabled: false
23:31:32.409 [FXGL Background Thread 3 ] DEBUG Engine               - isManualResizeEnabled: false
23:31:32.409 [FXGL Background Thread 3 ] DEBUG Engine               - isMobile: false
23:31:32.409 [FXGL Background Thread 3 ] DEBUG Engine               - isNative: false
23:31:32.409 [FXGL Background Thread 3 ] DEBUG Engine               - isPauseMusicWhenMinimized: true
23:31:32.409 [FXGL Background Thread 3 ] DEBUG Engine               - isPreserveResizeRatio: false
23:31:32.410 [FXGL Background Thread 3 ] DEBUG Engine               - isProfilingEnabled: false
23:31:32.410 [FXGL Background Thread 3 ] DEBUG Engine               - isScaleAffectedOnResize: true
23:31:32.410 [FXGL Background Thread 3 ] DEBUG Engine               - isSingleStep: false
23:31:32.410 [FXGL Background Thread 3 ] DEBUG Engine               - isUserProfileEnabled: false
23:31:32.410 [FXGL Background Thread 3 ] DEBUG Engine               - isWindows: true
23:31:32.413 [FXGL Background Thread 3 ] DEBUG Engine               - language: ObjectProperty [value: ENGLISH]
23:31:32.414 [FXGL Background Thread 3 ] DEBUG Engine               - menuKey: ESCAPE
23:31:32.414 [FXGL Background Thread 3 ] DEBUG Engine               - mouseSensitivity: 0.2
23:31:32.414 [FXGL Background Thread 3 ] DEBUG Engine               - notificationViewClass: class com.almasb.fxgl.notification.view.XboxNotificationView
23:31:32.414 [FXGL Background Thread 3 ] DEBUG Engine               - pixelsPerMeter: 50.0
23:31:32.414 [FXGL Background Thread 3 ] DEBUG Engine               - platform: WINDOWS
23:31:32.414 [FXGL Background Thread 3 ] DEBUG Engine               - prefHeightProperty: ReadOnlyDoubleProperty [value: 500.0]
23:31:32.414 [FXGL Background Thread 3 ] DEBUG Engine               - prefWidthProperty: ReadOnlyDoubleProperty [value: 700.0]
23:31:32.414 [FXGL Background Thread 3 ] DEBUG Engine               - profileDir: profiles/
23:31:32.414 [FXGL Background Thread 3 ] DEBUG Engine               - profileName: StringProperty [value: DEFAULT]
23:31:32.414 [FXGL Background Thread 3 ] DEBUG Engine               - randomSeed: -1
23:31:32.415 [FXGL Background Thread 3 ] DEBUG Engine               - runtimeInfo: RuntimeInfo(platform=WINDOWS, version=17.2, build=20.08.2022 16.50)
23:31:32.415 [FXGL Background Thread 3 ] DEBUG Engine               - saveFileExt: sav
23:31:32.415 [FXGL Background Thread 3 ] DEBUG Engine               - scaledHeightProp$fxgl: DoubleProperty [bound, value: 500.0]
23:31:32.416 [FXGL Background Thread 3 ] DEBUG Engine               - scaledWidthProp$fxgl: DoubleProperty [bound, value: 700.0]
23:31:32.416 [FXGL Background Thread 3 ] DEBUG Engine               - sceneFactory: com.almasb.fxgl.app.scene.SceneFactory@5fe4d12c
23:31:32.416 [FXGL Background Thread 3 ] DEBUG Engine               - secondsIn24h: 60
23:31:32.416 [FXGL Background Thread 3 ] DEBUG Engine               - soundMenuBack: menu/back.wav
23:31:32.416 [FXGL Background Thread 3 ] DEBUG Engine               - soundMenuPress: menu/press.wav
23:31:32.416 [FXGL Background Thread 3 ] DEBUG Engine               - soundMenuSelect: menu/select.wav
23:31:32.416 [FXGL Background Thread 3 ] DEBUG Engine               - soundNotification: core/notification.wav
23:31:32.416 [FXGL Background Thread 3 ] DEBUG Engine               - stageStyle: DECORATED
23:31:32.416 [FXGL Background Thread 3 ] DEBUG Engine               - supportedLanguages: [ENGLISH, FRENCH, GERMAN, HUNGARIAN, RUSSIAN]
23:31:32.417 [FXGL Background Thread 3 ] DEBUG Engine               - ticksPerSecond: -1
23:31:32.417 [FXGL Background Thread 3 ] DEBUG Engine               - title: Intro
23:31:32.417 [FXGL Background Thread 3 ] DEBUG Engine               - urlGithub: https://github.com/AlmasB/FXGL
23:31:32.417 [FXGL Background Thread 3 ] DEBUG Engine               - urlLeaderboard: http://fxgl-top.herokuapp.com/
23:31:32.418 [FXGL Background Thread 3 ] DEBUG Engine               - urlPOM: https://raw.githubusercontent.com/AlmasB/FXGL/release/README.md
23:31:32.418 [FXGL Background Thread 3 ] DEBUG Engine               - userAppClass: class com.mycompany.deepfaked.Intro
23:31:32.418 [FXGL Background Thread 3 ] DEBUG Engine               - version: 0.0
23:31:32.418 [FXGL Background Thread 3 ] DEBUG Engine               - versionCheckDays: 7
23:31:32.418 [FXGL Background Thread 3 ] DEBUG Engine               - width: 700
23:31:32.418 [FXGL Background Thread 3 ] DEBUG Engine               - Logging services
23:31:32.418 [FXGL Background Thread 3 ] DEBUG Engine               - class com.almasb.fxgl.app.services.FXGLAssetLoaderService
23:31:32.418 [FXGL Background Thread 3 ] DEBUG Engine               - class com.almasb.fxgl.app.FXGLApplication$GameApplicationService
23:31:32.419 [FXGL Background Thread 3 ] DEBUG Engine               - class com.almasb.fxgl.app.services.FXGLDialogService
23:31:32.419 [FXGL Background Thread 3 ] DEBUG Engine               - class com.almasb.fxgl.app.services.IOTaskExecutorService
23:31:32.419 [FXGL Background Thread 3 ] DEBUG Engine               - class com.almasb.fxgl.io.FileSystemService
23:31:32.419 [FXGL Background Thread 3 ] DEBUG Engine               - class com.almasb.fxgl.localization.LocalizationService
23:31:32.419 [FXGL Background Thread 3 ] DEBUG Engine               - class com.almasb.fxgl.app.services.SystemBundleService
23:31:32.419 [FXGL Background Thread 3 ] DEBUG Engine               - class com.almasb.fxgl.profile.SaveLoadService
23:31:32.419 [FXGL Background Thread 3 ] DEBUG Engine               - class com.almasb.fxgl.ui.FXGLUIFactoryServiceProvider
23:31:32.419 [FXGL Background Thread 3 ] DEBUG Engine               - class com.almasb.fxgl.ui.FXGLDialogFactoryServiceProvider
23:31:32.419 [FXGL Background Thread 3 ] DEBUG Engine               - class com.almasb.fxgl.audio.AudioPlayer
23:31:32.419 [FXGL Background Thread 3 ] DEBUG Engine               - class com.almasb.fxgl.notification.impl.NotificationServiceProvider
23:31:32.420 [FXGL Background Thread 3 ] DEBUG Engine               - class com.almasb.fxgl.achievement.AchievementService
23:31:32.424 [FXGL Background Thread 3 ] DEBUG Engine               - class com.almasb.fxgl.cutscene.CutsceneService
23:31:32.424 [FXGL Background Thread 3 ] DEBUG Engine               - class com.almasb.fxgl.minigames.MiniGameService
23:31:32.424 [FXGL Background Thread 3 ] DEBUG Engine               - class com.almasb.fxgl.net.NetService
23:31:32.424 [FXGL Background Thread 3 ] DEBUG Engine               - class com.almasb.fxgl.app.services.UpdaterService
23:31:32.424 [FXGL Background Thread 3 ] DEBUG Engine               - class com.almasb.fxgl.dev.DevService
23:31:41.846 [JavaFX Application Thread] DEBUG FXGLApplication      - Exiting FXGL
23:31:41.847 [JavaFX Application Thread] DEBUG LoopRunner           - Stopping loop
23:31:41.847 [JavaFX Application Thread] DEBUG SystemBundleService  - Saving FXGL system data
23:31:41.861 [JavaFX Application Thread] DEBUG FileSystemAccess     - Writing to: C:\Users\ZENODotus\Documents\NetBeansProjects\Deepfaked\system\fxgl.bundle
23:31:41.873 [JavaFX Application Thread] DEBUG Async                - Shutting down background threads
23:31:41.874 [JavaFX Application Thread] DEBUG PrimaryStageWindow   - Closing main window
23:31:41.895 [JavaFX Application Thread] DEBUG Logger               - Closing Logger
