23:53:10.044 [main                     ] DEBUG Logger               - Configured Logger
23:53:10.092 [main                     ] DEBUG GameApplication      - Logging settings
Title: Intro
Version: 0.0
Width: 700
Height: 500
Fullscreen: false
Intro: false
Profiling: false
Single step:false
App Mode: DEVELOPER
Menu Key: ESCAPE
Stage Style: DECORATED
Scene Factory: class com.almasb.fxgl.app.scene.SceneFactory

23:53:10.261 [JavaFX Application Thread] DEBUG FXGLApplication      - Initializing FXGL
23:53:10.272 [JavaFX Application Thread] INFO  Engine               - FXGL-17.2 (20.08.2022 16.50) on WINDOWS (J:17.0.6 FX:19.0.2)
23:53:10.272 [JavaFX Application Thread] DEBUG Engine               - JRE Vendor Name: Azul Systems, Inc.
23:53:10.273 [JavaFX Application Thread] DEBUG Engine               - Running on OS: Windows 10 version 10.0
23:53:10.273 [JavaFX Application Thread] DEBUG Engine               - Architecture: amd64
23:53:10.273 [JavaFX Application Thread] INFO  Engine               - Source code and latest versions at: https://github.com/AlmasB/FXGL
23:53:10.273 [JavaFX Application Thread] INFO  Engine               -       Ask questions and discuss at: https://github.com/AlmasB/FXGL/discussions
23:53:10.281 [JavaFX Application Thread] INFO  Engine               -              Join the FXGL chat at: https://gitter.im/AlmasB/FXGL
23:53:10.380 [JavaFX Application Thread] DEBUG PrimaryStageWindow   - Creating a JavaFX scene
23:53:10.419 [JavaFX Application Thread] DEBUG PrimaryStageWindow   - Target settings size: 700.0 x 500.0
23:53:10.419 [JavaFX Application Thread] DEBUG PrimaryStageWindow   - Scaled scene size:    700.0 x 500.0
23:53:10.420 [JavaFX Application Thread] DEBUG PrimaryStageWindow   - Scaled ratio: (1.0, 1.0)
23:53:10.421 [JavaFX Application Thread] DEBUG PrimaryStageWindow   - Set initial scene to FXGLStartupScene
23:53:10.429 [JavaFX Application Thread] DEBUG PrimaryStageWindow   - Opening main window
23:53:10.508 [JavaFX Application Thread] DEBUG PrimaryStageWindow   - Window border size: (16.0, 39.0)
23:53:10.509 [JavaFX Application Thread] DEBUG PrimaryStageWindow   - Scaled size: 700.0 x 500.0
23:53:10.509 [JavaFX Application Thread] DEBUG PrimaryStageWindow   - Scaled ratio: (1.0, 1.0)
23:53:10.509 [JavaFX Application Thread] DEBUG PrimaryStageWindow   - Scene size: 700.0 x 500.0
23:53:10.510 [JavaFX Application Thread] DEBUG PrimaryStageWindow   - Stage size: 716.0 x 539.0
23:53:10.552 [FXGL Background Thread 1 ] DEBUG Engine               - Initializing environment variables
23:53:10.641 [FXGL Background Thread 1 ] DEBUG FXGLAssetLoaderServi - User app class for loading assets: class com.mycompany.deepfaked.Intro
23:53:10.641 [FXGL Background Thread 1 ] DEBUG GameApplicationServi - Applying CSS: fxgl_dark.css
23:53:10.641 [FXGL Background Thread 1 ] DEBUG FXGLAssetLoaderServi - Loading from file system: jar:file:/C:/Users/ZENODotus/.m2/repository/com/github/almasb/fxgl/17.2/fxgl-17.2.jar!/fxglassets/ui/css/fxgl_dark.css
23:53:10.727 [FXGL Background Thread 1 ] DEBUG GameApplicationServi - Initializing application scenes
23:53:10.812 [FXGL Background Thread 1 ] DEBUG GameWorld            - Game world initialized
23:53:10.951 [FXGL Background Thread 1 ] DEBUG PhysicsWorld         - Physics world initialized: appHeight=500, physics.ppm=50,0
23:53:10.951 [FXGL Background Thread 1 ] DEBUG PhysicsWorld         - Using strategy: BRUTE_FORCE
23:53:10.960 [FXGL Background Thread 1 ] DEBUG GameScene            - Game scene initialized: 700x500
23:53:10.975 [FXGL Background Thread 1 ] WARN  FXGL.DefaultMenu     - FXGLDefaultMenu is not designed for resolutions < 800x600
23:53:10.975 [FXGL Background Thread 1 ] DEBUG FXGL.DefaultMenu     - createMenuBodyGameMenu()
23:53:10.988 [FXGL Background Thread 1 ] DEBUG FXGL.DefaultMenu     - createOptionsMenu()
23:53:11.001 [FXGL Background Thread 1 ] DEBUG FXGLAssetLoaderServi - Loading from file system: jar:file:/C:/Users/ZENODotus/.m2/repository/com/github/almasb/fxgl/17.2/fxgl-17.2.jar!/fxglassets/textures/particles/smoke.png
23:53:11.157 [FXGL Background Thread 1 ] DEBUG FXGLAssetLoaderServi - Loading from file system: jar:file:/C:/Users/ZENODotus/.m2/repository/com/github/almasb/fxgl/17.2/fxgl-17.2.jar!/fxglassets/textures/particles/trace_horizontal.png
23:53:11.233 [FXGL Background Thread 1 ] DEBUG GameApplicationServi - Application scenes initialized
23:53:11.248 [FXGL Background Thread 1 ] DEBUG SystemBundleService  - Loading FXGL system data
23:53:11.256 [FXGL Background Thread 1 ] DEBUG FileSystemAccess     - Reading from: C:\Users\ZENODotus\Documents\NetBeansProjects\Deepfaked\system\fxgl.bundle
23:53:11.265 [FXGL Background Thread 1 ] DEBUG SystemBundleService  - Bundle FXGL: {}
23:53:11.265 [FXGL Background Thread 1 ] DEBUG UpdaterService       - Checking for updates
23:53:11.270 [FXGL Background Thread 1 ] DEBUG FXGLApplication      - Loading default localization
23:53:11.271 [FXGL Background Thread 1 ] DEBUG FXGLAssetLoaderServi - Loading from file system: jar:file:/C:/Users/ZENODotus/.m2/repository/com/github/almasb/fxgl/17.2/fxgl-17.2.jar!/fxglassets/languages/english.lang
23:53:11.294 [FXGL Background Thread 1 ] INFO  FXGLApplication      - FXGL initialization took: 0,759 sec
23:53:11.297 [JavaFX Application Thread] DEBUG FXGLAssetLoaderServi - Loading from file system: jar:file:/C:/Users/ZENODotus/.m2/repository/com/github/almasb/fxgl/17.2/fxgl-17.2.jar!/fxglassets/textures/fxgl_icon.png
23:53:11.317 [FXGL Background Thread 4 ] DEBUG FXGLApplication      - Loading fonts
23:53:11.318 [FXGL Background Thread 4 ] DEBUG FXGLAssetLoaderServi - Loading from file system: jar:file:/C:/Users/ZENODotus/.m2/repository/com/github/almasb/fxgl/17.2/fxgl-17.2.jar!/fxglassets/ui/fonts/VarelaRound-Regular.ttf
23:53:11.452 [JavaFX Application Thread] DEBUG FXGLAssetLoaderServi - Loading from file system: jar:file:/C:/Users/ZENODotus/.m2/repository/com/github/almasb/fxgl/17.2/fxgl-17.2.jar!/fxglassets/textures/fxgl_default_cursor.png
23:53:11.472 [JavaFX Application Thread] DEBUG Input                - Registered new binding: Screenshot - CTRL+8
23:53:11.479 [JavaFX Application Thread] DEBUG Input                - Registered new binding: System info dump - CTRL+9
23:53:11.480 [JavaFX Application Thread] DEBUG Input                - Registered new binding: Restart - CTRL+R
23:53:11.481 [JavaFX Application Thread] DEBUG Input                - Registered new binding: Toggle Debug Camera - CTRL+7
23:53:11.484 [JavaFX Application Thread] DEBUG LoopRunner           - Starting loop
23:53:11.484 [JavaFX Application Thread] DEBUG LoopRunner           - Initializing JavaFX AnimationTimerLoop
23:53:11.485 [JavaFX Application Thread] DEBUG GameApplicationServi - Starting new game
23:53:11.486 [JavaFX Application Thread] DEBUG Input                - Clearing active input actions
23:53:11.508 [JavaFX Application Thread] DEBUG GameApplicationServi - Removing overlay from FXGLStartupScene and adding to FXGLLoadingScene
23:53:11.508 [JavaFX Application Thread] DEBUG PrimaryStageWindow   - FXGLStartupScene -> FXGLLoadingScene
23:53:11.509 [JavaFX Application Thread] DEBUG GameApplicationServi - Clearing previous game
23:53:11.509 [JavaFX Application Thread] DEBUG GameScene            - Clearing game scene
23:53:11.509 [JavaFX Application Thread] DEBUG GameWorld            - Clearing game world
23:53:11.509 [JavaFX Application Thread] DEBUG PhysicsWorld         - Clearing physics world
23:53:11.511 [FXGL Background Thread 1 ] DEBUG FXGLApplication      - Initializing game
23:53:11.547 [FXGL Background Thread 1 ] DEBUG FXGLAssetLoaderServi - Loading from file system: file:/C:/Users/ZENODotus/Documents/NetBeansProjects/Deepfaked/target/classes/assets/textures/tiktokBoss.jpg
23:53:11.577 [FXGL Background Thread 1 ] DEBUG FXGLAssetLoaderServi - Loading from file system: file:/C:/Users/ZENODotus/Documents/NetBeansProjects/Deepfaked/target/classes/assets/textures/dialog-translucent.png
23:53:11.597 [FXGL Background Thread 1 ] INFO  FXGLApplication      - Game initialization took: 0,087 sec
23:53:11.716 [FXGL Background Thread 4 ] DEBUG FXGLAssetLoaderServi - Loading from file system: jar:file:/C:/Users/ZENODotus/.m2/repository/com/github/almasb/fxgl/17.2/fxgl-17.2.jar!/fxglassets/ui/fonts/Abel-Regular.ttf
23:53:11.720 [FXGL Background Thread 4 ] DEBUG FXGLAssetLoaderServi - Loading from file system: jar:file:/C:/Users/ZENODotus/.m2/repository/com/github/almasb/fxgl/17.2/fxgl-17.2.jar!/fxglassets/ui/fonts/TerminalLandMono-Regular.otf
23:53:11.723 [FXGL Background Thread 4 ] DEBUG FXGLAssetLoaderServi - Loading from file system: jar:file:/C:/Users/ZENODotus/.m2/repository/com/github/almasb/fxgl/17.2/fxgl-17.2.jar!/fxglassets/ui/fonts/Courier-Prime.ttf
23:53:11.873 [JavaFX Application Thread] DEBUG Input                - Clearing active input actions
23:53:11.883 [JavaFX Application Thread] DEBUG GameApplicationServi - Removing overlay from FXGLLoadingScene and adding to GameScene
23:53:11.883 [JavaFX Application Thread] DEBUG PrimaryStageWindow   - FXGLLoadingScene -> GameScene
23:53:11.883 [JavaFX Application Thread] DEBUG FXGLApplication      - Registering font factories with UI factory
23:53:14.270 [FXGL Background Thread 3 ] DEBUG Engine               - Logging environment variables
23:53:14.270 [FXGL Background Thread 3 ] DEBUG Engine               - achievements: []
23:53:14.270 [FXGL Background Thread 3 ] DEBUG Engine               - actualHeight: 500.0
23:53:14.271 [FXGL Background Thread 3 ] DEBUG Engine               - actualHeightProperty: ReadOnlyDoubleProperty [value: 500.0]
23:53:14.271 [FXGL Background Thread 3 ] DEBUG Engine               - actualWidth: 700.0
23:53:14.271 [FXGL Background Thread 3 ] DEBUG Engine               - actualWidthProperty: ReadOnlyDoubleProperty [value: 700.0]
23:53:14.271 [FXGL Background Thread 3 ] DEBUG Engine               - appIcon: fxgl_icon.png
23:53:14.271 [FXGL Background Thread 3 ] DEBUG Engine               - applicationMode: DEVELOPER
23:53:14.271 [FXGL Background Thread 3 ] DEBUG Engine               - cSSList: [fxgl_dark.css]
23:53:14.271 [FXGL Background Thread 3 ] DEBUG Engine               - collisionDetectionStrategy: BRUTE_FORCE
23:53:14.271 [FXGL Background Thread 3 ] DEBUG Engine               - configClass: Optional.empty
23:53:14.272 [FXGL Background Thread 3 ] DEBUG Engine               - credits: []
23:53:14.272 [FXGL Background Thread 3 ] DEBUG Engine               - defaultCursor: CursorInfo(imageName=fxgl_default_cursor.png, hotspotX=7.0, hotspotY=6.0)
23:53:14.272 [FXGL Background Thread 3 ] DEBUG Engine               - devBBoxColorProperty: ObjectProperty [value: 0xff0000ff]
23:53:14.274 [FXGL Background Thread 3 ] DEBUG Engine               - devEnableDebugCameraProperty: BooleanProperty [value: false]
23:53:14.274 [FXGL Background Thread 3 ] DEBUG Engine               - devSensorColorProperty: ObjectProperty [value: 0xffff00ff]
23:53:14.274 [FXGL Background Thread 3 ] DEBUG Engine               - devShowBBoxProperty: BooleanProperty [value: false]
23:53:14.274 [FXGL Background Thread 3 ] DEBUG Engine               - devShowPositionProperty: BooleanProperty [value: false]
23:53:14.274 [FXGL Background Thread 3 ] DEBUG Engine               - enabledMenuItems: []
23:53:14.274 [FXGL Background Thread 3 ] DEBUG Engine               - engineServices: [class com.almasb.fxgl.app.services.FXGLAssetLoaderService, class com.almasb.fxgl.app.FXGLApplication$GameApplicationService, class com.almasb.fxgl.app.services.FXGLDialogService, class com.almasb.fxgl.app.services.IOTaskExecutorService, class com.almasb.fxgl.io.FileSystemService, class com.almasb.fxgl.localization.LocalizationService, class com.almasb.fxgl.app.services.SystemBundleService, class com.almasb.fxgl.profile.SaveLoadService, class com.almasb.fxgl.ui.FXGLUIFactoryServiceProvider, class com.almasb.fxgl.ui.FXGLDialogFactoryServiceProvider, class com.almasb.fxgl.audio.AudioPlayer, class com.almasb.fxgl.notification.impl.NotificationServiceProvider, class com.almasb.fxgl.achievement.AchievementService, class com.almasb.fxgl.cutscene.CutsceneService, class com.almasb.fxgl.minigames.MiniGameService, class com.almasb.fxgl.net.NetService, class com.almasb.fxgl.app.services.UpdaterService, class com.almasb.fxgl.dev.DevService]
23:53:14.275 [FXGL Background Thread 3 ] DEBUG Engine               - fontGame: Abel-Regular.ttf
23:53:14.275 [FXGL Background Thread 3 ] DEBUG Engine               - fontMono: TerminalLandMono-Regular.otf
23:53:14.275 [FXGL Background Thread 3 ] DEBUG Engine               - fontText: Courier-Prime.ttf
23:53:14.275 [FXGL Background Thread 3 ] DEBUG Engine               - fontUI: VarelaRound-Regular.ttf
23:53:14.278 [FXGL Background Thread 3 ] DEBUG Engine               - fullScreen: BooleanProperty [value: false]
23:53:14.278 [FXGL Background Thread 3 ] DEBUG Engine               - gameDifficulty: MEDIUM
23:53:14.278 [FXGL Background Thread 3 ] DEBUG Engine               - gameDifficultyProperty: ObjectProperty [value: MEDIUM]
23:53:14.278 [FXGL Background Thread 3 ] DEBUG Engine               - globalMusicVolume: 0.5
23:53:14.278 [FXGL Background Thread 3 ] DEBUG Engine               - globalMusicVolumeProperty: DoubleProperty [value: 0.5]
23:53:14.278 [FXGL Background Thread 3 ] DEBUG Engine               - globalSoundVolume: 0.5
23:53:14.278 [FXGL Background Thread 3 ] DEBUG Engine               - globalSoundVolumeProperty: DoubleProperty [value: 0.5]
23:53:14.278 [FXGL Background Thread 3 ] DEBUG Engine               - height: 500
23:53:14.278 [FXGL Background Thread 3 ] DEBUG Engine               - is3D: false
23:53:14.279 [FXGL Background Thread 3 ] DEBUG Engine               - isAndroid: false
23:53:14.279 [FXGL Background Thread 3 ] DEBUG Engine               - isBrowser: false
23:53:14.279 [FXGL Background Thread 3 ] DEBUG Engine               - isClickFeedbackEnabled: false
23:53:14.279 [FXGL Background Thread 3 ] DEBUG Engine               - isCloseConfirmation: false
23:53:14.279 [FXGL Background Thread 3 ] DEBUG Engine               - isDesktop: true
23:53:14.279 [FXGL Background Thread 3 ] DEBUG Engine               - isDeveloperMenuEnabled: false
23:53:14.279 [FXGL Background Thread 3 ] DEBUG Engine               - isEmbedded: false
23:53:14.279 [FXGL Background Thread 3 ] DEBUG Engine               - isEntityPreloadEnabled: true
23:53:14.279 [FXGL Background Thread 3 ] DEBUG Engine               - isExperimentalTiledLargeMap: false
23:53:14.279 [FXGL Background Thread 3 ] DEBUG Engine               - isFileSystemWriteAllowed: true
23:53:14.279 [FXGL Background Thread 3 ] DEBUG Engine               - isFullScreenAllowed: false
23:53:14.279 [FXGL Background Thread 3 ] DEBUG Engine               - isFullScreenFromStart: false
23:53:14.279 [FXGL Background Thread 3 ] DEBUG Engine               - isGameMenuEnabled: true
23:53:14.280 [FXGL Background Thread 3 ] DEBUG Engine               - isIOS: false
23:53:14.280 [FXGL Background Thread 3 ] DEBUG Engine               - isIntroEnabled: false
23:53:14.280 [FXGL Background Thread 3 ] DEBUG Engine               - isLinux: false
23:53:14.280 [FXGL Background Thread 3 ] DEBUG Engine               - isMac: false
23:53:14.280 [FXGL Background Thread 3 ] DEBUG Engine               - isMainMenuEnabled: false
23:53:14.280 [FXGL Background Thread 3 ] DEBUG Engine               - isManualResizeEnabled: false
23:53:14.280 [FXGL Background Thread 3 ] DEBUG Engine               - isMobile: false
23:53:14.280 [FXGL Background Thread 3 ] DEBUG Engine               - isNative: false
23:53:14.280 [FXGL Background Thread 3 ] DEBUG Engine               - isPauseMusicWhenMinimized: true
23:53:14.280 [FXGL Background Thread 3 ] DEBUG Engine               - isPreserveResizeRatio: false
23:53:14.281 [FXGL Background Thread 3 ] DEBUG Engine               - isProfilingEnabled: false
23:53:14.281 [FXGL Background Thread 3 ] DEBUG Engine               - isScaleAffectedOnResize: true
23:53:14.281 [FXGL Background Thread 3 ] DEBUG Engine               - isSingleStep: false
23:53:14.281 [FXGL Background Thread 3 ] DEBUG Engine               - isUserProfileEnabled: false
23:53:14.281 [FXGL Background Thread 3 ] DEBUG Engine               - isWindows: true
23:53:14.281 [FXGL Background Thread 3 ] DEBUG Engine               - language: ObjectProperty [value: ENGLISH]
23:53:14.281 [FXGL Background Thread 3 ] DEBUG Engine               - menuKey: ESCAPE
23:53:14.281 [FXGL Background Thread 3 ] DEBUG Engine               - mouseSensitivity: 0.2
23:53:14.281 [FXGL Background Thread 3 ] DEBUG Engine               - notificationViewClass: class com.almasb.fxgl.notification.view.XboxNotificationView
23:53:14.281 [FXGL Background Thread 3 ] DEBUG Engine               - pixelsPerMeter: 50.0
23:53:14.282 [FXGL Background Thread 3 ] DEBUG Engine               - platform: WINDOWS
23:53:14.282 [FXGL Background Thread 3 ] DEBUG Engine               - prefHeightProperty: ReadOnlyDoubleProperty [value: 500.0]
23:53:14.282 [FXGL Background Thread 3 ] DEBUG Engine               - prefWidthProperty: ReadOnlyDoubleProperty [value: 700.0]
23:53:14.282 [FXGL Background Thread 3 ] DEBUG Engine               - profileDir: profiles/
23:53:14.282 [FXGL Background Thread 3 ] DEBUG Engine               - profileName: StringProperty [value: DEFAULT]
23:53:14.282 [FXGL Background Thread 3 ] DEBUG Engine               - randomSeed: -1
23:53:14.284 [FXGL Background Thread 3 ] DEBUG Engine               - runtimeInfo: RuntimeInfo(platform=WINDOWS, version=17.2, build=20.08.2022 16.50)
23:53:14.285 [FXGL Background Thread 3 ] DEBUG Engine               - saveFileExt: sav
23:53:14.285 [FXGL Background Thread 3 ] DEBUG Engine               - scaledHeightProp$fxgl: DoubleProperty [bound, value: 500.0]
23:53:14.285 [FXGL Background Thread 3 ] DEBUG Engine               - scaledWidthProp$fxgl: DoubleProperty [bound, value: 700.0]
23:53:14.285 [FXGL Background Thread 3 ] DEBUG Engine               - sceneFactory: com.almasb.fxgl.app.scene.SceneFactory@696dc8c7
23:53:14.285 [FXGL Background Thread 3 ] DEBUG Engine               - secondsIn24h: 60
23:53:14.285 [FXGL Background Thread 3 ] DEBUG Engine               - soundMenuBack: menu/back.wav
23:53:14.285 [FXGL Background Thread 3 ] DEBUG Engine               - soundMenuPress: menu/press.wav
23:53:14.285 [FXGL Background Thread 3 ] DEBUG Engine               - soundMenuSelect: menu/select.wav
23:53:14.285 [FXGL Background Thread 3 ] DEBUG Engine               - soundNotification: core/notification.wav
23:53:14.285 [FXGL Background Thread 3 ] DEBUG Engine               - stageStyle: DECORATED
23:53:14.286 [FXGL Background Thread 3 ] DEBUG Engine               - supportedLanguages: [ENGLISH, FRENCH, GERMAN, HUNGARIAN, RUSSIAN]
23:53:14.286 [FXGL Background Thread 3 ] DEBUG Engine               - ticksPerSecond: -1
23:53:14.286 [FXGL Background Thread 3 ] DEBUG Engine               - title: Intro
23:53:14.286 [FXGL Background Thread 3 ] DEBUG Engine               - urlGithub: https://github.com/AlmasB/FXGL
23:53:14.286 [FXGL Background Thread 3 ] DEBUG Engine               - urlLeaderboard: http://fxgl-top.herokuapp.com/
23:53:14.286 [FXGL Background Thread 3 ] DEBUG Engine               - urlPOM: https://raw.githubusercontent.com/AlmasB/FXGL/release/README.md
23:53:14.286 [FXGL Background Thread 3 ] DEBUG Engine               - userAppClass: class com.mycompany.deepfaked.Intro
23:53:14.286 [FXGL Background Thread 3 ] DEBUG Engine               - version: 0.0
23:53:14.286 [FXGL Background Thread 3 ] DEBUG Engine               - versionCheckDays: 7
23:53:14.286 [FXGL Background Thread 3 ] DEBUG Engine               - width: 700
23:53:14.286 [FXGL Background Thread 3 ] DEBUG Engine               - Logging services
23:53:14.286 [FXGL Background Thread 3 ] DEBUG Engine               - class com.almasb.fxgl.app.services.FXGLAssetLoaderService
23:53:14.286 [FXGL Background Thread 3 ] DEBUG Engine               - class com.almasb.fxgl.app.FXGLApplication$GameApplicationService
23:53:14.286 [FXGL Background Thread 3 ] DEBUG Engine               - class com.almasb.fxgl.app.services.FXGLDialogService
23:53:14.286 [FXGL Background Thread 3 ] DEBUG Engine               - class com.almasb.fxgl.app.services.IOTaskExecutorService
23:53:14.286 [FXGL Background Thread 3 ] DEBUG Engine               - class com.almasb.fxgl.io.FileSystemService
23:53:14.286 [FXGL Background Thread 3 ] DEBUG Engine               - class com.almasb.fxgl.localization.LocalizationService
23:53:14.286 [FXGL Background Thread 3 ] DEBUG Engine               - class com.almasb.fxgl.app.services.SystemBundleService
23:53:14.286 [FXGL Background Thread 3 ] DEBUG Engine               - class com.almasb.fxgl.profile.SaveLoadService
23:53:14.287 [FXGL Background Thread 3 ] DEBUG Engine               - class com.almasb.fxgl.ui.FXGLUIFactoryServiceProvider
23:53:14.287 [FXGL Background Thread 3 ] DEBUG Engine               - class com.almasb.fxgl.ui.FXGLDialogFactoryServiceProvider
23:53:14.287 [FXGL Background Thread 3 ] DEBUG Engine               - class com.almasb.fxgl.audio.AudioPlayer
23:53:14.287 [FXGL Background Thread 3 ] DEBUG Engine               - class com.almasb.fxgl.notification.impl.NotificationServiceProvider
23:53:14.287 [FXGL Background Thread 3 ] DEBUG Engine               - class com.almasb.fxgl.achievement.AchievementService
23:53:14.287 [FXGL Background Thread 3 ] DEBUG Engine               - class com.almasb.fxgl.cutscene.CutsceneService
23:53:14.287 [FXGL Background Thread 3 ] DEBUG Engine               - class com.almasb.fxgl.minigames.MiniGameService
23:53:14.287 [FXGL Background Thread 3 ] DEBUG Engine               - class com.almasb.fxgl.net.NetService
23:53:14.287 [FXGL Background Thread 3 ] DEBUG Engine               - class com.almasb.fxgl.app.services.UpdaterService
23:53:14.287 [FXGL Background Thread 3 ] DEBUG Engine               - class com.almasb.fxgl.dev.DevService
23:53:28.257 [JavaFX Application Thread] DEBUG FXGLApplication      - Exiting FXGL
23:53:28.258 [JavaFX Application Thread] DEBUG LoopRunner           - Stopping loop
23:53:28.258 [JavaFX Application Thread] DEBUG SystemBundleService  - Saving FXGL system data
23:53:28.276 [JavaFX Application Thread] DEBUG FileSystemAccess     - Writing to: C:\Users\ZENODotus\Documents\NetBeansProjects\Deepfaked\system\fxgl.bundle
23:53:28.279 [JavaFX Application Thread] DEBUG Async                - Shutting down background threads
23:53:28.280 [JavaFX Application Thread] DEBUG PrimaryStageWindow   - Closing main window
23:53:28.299 [JavaFX Application Thread] DEBUG Logger               - Closing Logger
