12:11:55.696 [main                     ] DEBUG Logger               - Configured Logger
12:11:55.758 [main                     ] DEBUG GameApplication      - Logging settings
Title: Intro
Version: 0.0
Width: 700
Height: 500
Fullscreen: false
Intro: false
Profiling: false
Single step:false
App Mode: DEVELOPER
Menu Key: ESCAPE
Stage Style: DECORATED
Scene Factory: class com.almasb.fxgl.app.scene.SceneFactory

12:11:55.937 [JavaFX Application Thread] DEBUG FXGLApplication      - Initializing FXGL
12:11:55.949 [JavaFX Application Thread] INFO  Engine               - FXGL-17.2 (20.08.2022 16.50) on WINDOWS (J:17.0.6 FX:19.0.2)
12:11:55.950 [JavaFX Application Thread] DEBUG Engine               - JRE Vendor Name: Azul Systems, Inc.
12:11:55.950 [JavaFX Application Thread] DEBUG Engine               - Running on OS: Windows 10 version 10.0
12:11:55.950 [JavaFX Application Thread] DEBUG Engine               - Architecture: amd64
12:11:55.951 [JavaFX Application Thread] INFO  Engine               - Source code and latest versions at: https://github.com/AlmasB/FXGL
12:11:55.951 [JavaFX Application Thread] INFO  Engine               -       Ask questions and discuss at: https://github.com/AlmasB/FXGL/discussions
12:11:55.951 [JavaFX Application Thread] INFO  Engine               -              Join the FXGL chat at: https://gitter.im/AlmasB/FXGL
12:11:56.060 [JavaFX Application Thread] DEBUG PrimaryStageWindow   - Creating a JavaFX scene
12:11:56.105 [JavaFX Application Thread] DEBUG PrimaryStageWindow   - Target settings size: 700.0 x 500.0
12:11:56.105 [JavaFX Application Thread] DEBUG PrimaryStageWindow   - Scaled scene size:    700.0 x 500.0
12:11:56.106 [JavaFX Application Thread] DEBUG PrimaryStageWindow   - Scaled ratio: (1.0, 1.0)
12:11:56.108 [JavaFX Application Thread] DEBUG PrimaryStageWindow   - Set initial scene to FXGLStartupScene
12:11:56.116 [JavaFX Application Thread] DEBUG PrimaryStageWindow   - Opening main window
12:11:56.207 [JavaFX Application Thread] DEBUG PrimaryStageWindow   - Window border size: (16.0, 39.0)
12:11:56.207 [JavaFX Application Thread] DEBUG PrimaryStageWindow   - Scaled size: 700.0 x 500.0
12:11:56.207 [JavaFX Application Thread] DEBUG PrimaryStageWindow   - Scaled ratio: (1.0, 1.0)
12:11:56.208 [JavaFX Application Thread] DEBUG PrimaryStageWindow   - Scene size: 700.0 x 500.0
12:11:56.208 [JavaFX Application Thread] DEBUG PrimaryStageWindow   - Stage size: 716.0 x 539.0
12:11:56.221 [FXGL Background Thread 1 ] DEBUG Engine               - Initializing environment variables
12:11:56.370 [FXGL Background Thread 1 ] DEBUG FXGLAssetLoaderServi - User app class for loading assets: class com.mycompany.deepfaked.Intro
12:11:56.370 [FXGL Background Thread 1 ] DEBUG GameApplicationServi - Applying CSS: fxgl_dark.css
12:11:56.370 [FXGL Background Thread 1 ] DEBUG FXGLAssetLoaderServi - Loading from file system: jar:file:/C:/Users/ZENODotus/.m2/repository/com/github/almasb/fxgl/17.2/fxgl-17.2.jar!/fxglassets/ui/css/fxgl_dark.css
12:11:56.465 [FXGL Background Thread 1 ] DEBUG GameApplicationServi - Initializing application scenes
12:11:56.589 [FXGL Background Thread 1 ] DEBUG GameWorld            - Game world initialized
12:11:56.706 [FXGL Background Thread 1 ] DEBUG PhysicsWorld         - Physics world initialized: appHeight=500, physics.ppm=50,0
12:11:56.706 [FXGL Background Thread 1 ] DEBUG PhysicsWorld         - Using strategy: BRUTE_FORCE
12:11:56.716 [FXGL Background Thread 1 ] DEBUG GameScene            - Game scene initialized: 700x500
12:11:56.731 [FXGL Background Thread 1 ] WARN  FXGL.DefaultMenu     - FXGLDefaultMenu is not designed for resolutions < 800x600
12:11:56.743 [FXGL Background Thread 1 ] DEBUG FXGL.DefaultMenu     - createMenuBodyGameMenu()
12:11:56.747 [FXGL Background Thread 1 ] DEBUG FXGL.DefaultMenu     - createOptionsMenu()
12:11:56.764 [FXGL Background Thread 1 ] DEBUG FXGLAssetLoaderServi - Loading from file system: jar:file:/C:/Users/ZENODotus/.m2/repository/com/github/almasb/fxgl/17.2/fxgl-17.2.jar!/fxglassets/textures/particles/smoke.png
12:11:56.918 [FXGL Background Thread 1 ] DEBUG FXGLAssetLoaderServi - Loading from file system: jar:file:/C:/Users/ZENODotus/.m2/repository/com/github/almasb/fxgl/17.2/fxgl-17.2.jar!/fxglassets/textures/particles/trace_horizontal.png
12:11:56.985 [FXGL Background Thread 1 ] DEBUG GameApplicationServi - Application scenes initialized
12:11:57.006 [FXGL Background Thread 1 ] DEBUG SystemBundleService  - Loading FXGL system data
12:11:57.013 [FXGL Background Thread 1 ] DEBUG FileSystemAccess     - Reading from: C:\Users\ZENODotus\Documents\NetBeansProjects\Deepfaked\system\fxgl.bundle
12:11:57.025 [FXGL Background Thread 1 ] DEBUG SystemBundleService  - Bundle FXGL: {}
12:11:57.025 [FXGL Background Thread 1 ] DEBUG UpdaterService       - Checking for updates
12:11:57.032 [FXGL Background Thread 1 ] DEBUG FXGLApplication      - Loading default localization
12:11:57.032 [FXGL Background Thread 1 ] DEBUG FXGLAssetLoaderServi - Loading from file system: jar:file:/C:/Users/ZENODotus/.m2/repository/com/github/almasb/fxgl/17.2/fxgl-17.2.jar!/fxglassets/languages/english.lang
12:11:57.061 [FXGL Background Thread 1 ] INFO  FXGLApplication      - FXGL initialization took: 0,840 sec
12:11:57.064 [JavaFX Application Thread] DEBUG FXGLAssetLoaderServi - Loading from file system: jar:file:/C:/Users/ZENODotus/.m2/repository/com/github/almasb/fxgl/17.2/fxgl-17.2.jar!/fxglassets/textures/fxgl_icon.png
12:11:57.119 [FXGL Background Thread 4 ] DEBUG FXGLApplication      - Loading fonts
12:11:57.135 [FXGL Background Thread 4 ] DEBUG FXGLAssetLoaderServi - Loading from file system: jar:file:/C:/Users/ZENODotus/.m2/repository/com/github/almasb/fxgl/17.2/fxgl-17.2.jar!/fxglassets/ui/fonts/VarelaRound-Regular.ttf
12:11:57.172 [JavaFX Application Thread] DEBUG FXGLAssetLoaderServi - Loading from file system: jar:file:/C:/Users/ZENODotus/.m2/repository/com/github/almasb/fxgl/17.2/fxgl-17.2.jar!/fxglassets/textures/fxgl_default_cursor.png
12:11:57.206 [JavaFX Application Thread] DEBUG Input                - Registered new binding: Screenshot - CTRL+8
12:11:57.206 [JavaFX Application Thread] DEBUG Input                - Registered new binding: System info dump - CTRL+9
12:11:57.207 [JavaFX Application Thread] DEBUG Input                - Registered new binding: Restart - CTRL+R
12:11:57.209 [JavaFX Application Thread] DEBUG Input                - Registered new binding: Toggle Debug Camera - CTRL+7
12:11:57.212 [JavaFX Application Thread] DEBUG LoopRunner           - Starting loop
12:11:57.212 [JavaFX Application Thread] DEBUG LoopRunner           - Initializing JavaFX AnimationTimerLoop
12:11:57.222 [JavaFX Application Thread] DEBUG GameApplicationServi - Starting new game
12:11:57.222 [JavaFX Application Thread] DEBUG Input                - Clearing active input actions
12:11:57.252 [JavaFX Application Thread] DEBUG GameApplicationServi - Removing overlay from FXGLStartupScene and adding to FXGLLoadingScene
12:11:57.253 [JavaFX Application Thread] DEBUG PrimaryStageWindow   - FXGLStartupScene -> FXGLLoadingScene
12:11:57.253 [JavaFX Application Thread] DEBUG GameApplicationServi - Clearing previous game
12:11:57.253 [JavaFX Application Thread] DEBUG GameScene            - Clearing game scene
12:11:57.253 [JavaFX Application Thread] DEBUG GameWorld            - Clearing game world
12:11:57.253 [JavaFX Application Thread] DEBUG PhysicsWorld         - Clearing physics world
12:11:57.270 [FXGL Background Thread 1 ] DEBUG FXGLApplication      - Initializing game
12:11:57.312 [FXGL Background Thread 1 ] DEBUG FXGLAssetLoaderServi - Loading from file system: file:/C:/Users/ZENODotus/Documents/NetBeansProjects/Deepfaked/target/classes/assets/textures/tiktokBoss.jpg
12:11:57.333 [FXGL Background Thread 1 ] DEBUG FXGLAssetLoaderServi - Loading from file system: file:/C:/Users/ZENODotus/Documents/NetBeansProjects/Deepfaked/target/classes/assets/textures/dialog-translucent.png
12:11:57.352 [FXGL Background Thread 1 ] INFO  FXGLApplication      - Game initialization took: 0,082 sec
12:11:57.425 [JavaFX Application Thread] DEBUG Input                - Clearing active input actions
12:11:57.431 [JavaFX Application Thread] DEBUG GameApplicationServi - Removing overlay from FXGLLoadingScene and adding to GameScene
12:11:57.432 [JavaFX Application Thread] DEBUG PrimaryStageWindow   - FXGLLoadingScene -> GameScene
12:11:57.623 [FXGL Background Thread 4 ] DEBUG FXGLAssetLoaderServi - Loading from file system: jar:file:/C:/Users/ZENODotus/.m2/repository/com/github/almasb/fxgl/17.2/fxgl-17.2.jar!/fxglassets/ui/fonts/Abel-Regular.ttf
12:11:57.623 [FXGL Background Thread 4 ] DEBUG FXGLAssetLoaderServi - Loading from file system: jar:file:/C:/Users/ZENODotus/.m2/repository/com/github/almasb/fxgl/17.2/fxgl-17.2.jar!/fxglassets/ui/fonts/TerminalLandMono-Regular.otf
12:11:57.634 [FXGL Background Thread 4 ] DEBUG FXGLAssetLoaderServi - Loading from file system: jar:file:/C:/Users/ZENODotus/.m2/repository/com/github/almasb/fxgl/17.2/fxgl-17.2.jar!/fxglassets/ui/fonts/Courier-Prime.ttf
12:11:57.652 [JavaFX Application Thread] DEBUG FXGLApplication      - Registering font factories with UI factory
12:12:00.029 [FXGL Background Thread 3 ] DEBUG Engine               - Logging environment variables
12:12:00.030 [FXGL Background Thread 3 ] DEBUG Engine               - achievements: []
12:12:00.030 [FXGL Background Thread 3 ] DEBUG Engine               - actualHeight: 500.0
12:12:00.030 [FXGL Background Thread 3 ] DEBUG Engine               - actualHeightProperty: ReadOnlyDoubleProperty [value: 500.0]
12:12:00.030 [FXGL Background Thread 3 ] DEBUG Engine               - actualWidth: 700.0
12:12:00.030 [FXGL Background Thread 3 ] DEBUG Engine               - actualWidthProperty: ReadOnlyDoubleProperty [value: 700.0]
12:12:00.031 [FXGL Background Thread 3 ] DEBUG Engine               - appIcon: fxgl_icon.png
12:12:00.031 [FXGL Background Thread 3 ] DEBUG Engine               - applicationMode: DEVELOPER
12:12:00.031 [FXGL Background Thread 3 ] DEBUG Engine               - cSSList: [fxgl_dark.css]
12:12:00.031 [FXGL Background Thread 3 ] DEBUG Engine               - collisionDetectionStrategy: BRUTE_FORCE
12:12:00.031 [FXGL Background Thread 3 ] DEBUG Engine               - configClass: Optional.empty
12:12:00.031 [FXGL Background Thread 3 ] DEBUG Engine               - credits: []
12:12:00.031 [FXGL Background Thread 3 ] DEBUG Engine               - defaultCursor: CursorInfo(imageName=fxgl_default_cursor.png, hotspotX=7.0, hotspotY=6.0)
12:12:00.033 [FXGL Background Thread 3 ] DEBUG Engine               - devBBoxColorProperty: ObjectProperty [value: 0xff0000ff]
12:12:00.033 [FXGL Background Thread 3 ] DEBUG Engine               - devEnableDebugCameraProperty: BooleanProperty [value: false]
12:12:00.034 [FXGL Background Thread 3 ] DEBUG Engine               - devSensorColorProperty: ObjectProperty [value: 0xffff00ff]
12:12:00.034 [FXGL Background Thread 3 ] DEBUG Engine               - devShowBBoxProperty: BooleanProperty [value: false]
12:12:00.034 [FXGL Background Thread 3 ] DEBUG Engine               - devShowPositionProperty: BooleanProperty [value: false]
12:12:00.034 [FXGL Background Thread 3 ] DEBUG Engine               - enabledMenuItems: []
12:12:00.034 [FXGL Background Thread 3 ] DEBUG Engine               - engineServices: [class com.almasb.fxgl.app.services.FXGLAssetLoaderService, class com.almasb.fxgl.app.FXGLApplication$GameApplicationService, class com.almasb.fxgl.app.services.FXGLDialogService, class com.almasb.fxgl.app.services.IOTaskExecutorService, class com.almasb.fxgl.io.FileSystemService, class com.almasb.fxgl.localization.LocalizationService, class com.almasb.fxgl.app.services.SystemBundleService, class com.almasb.fxgl.profile.SaveLoadService, class com.almasb.fxgl.ui.FXGLUIFactoryServiceProvider, class com.almasb.fxgl.ui.FXGLDialogFactoryServiceProvider, class com.almasb.fxgl.audio.AudioPlayer, class com.almasb.fxgl.notification.impl.NotificationServiceProvider, class com.almasb.fxgl.achievement.AchievementService, class com.almasb.fxgl.cutscene.CutsceneService, class com.almasb.fxgl.minigames.MiniGameService, class com.almasb.fxgl.net.NetService, class com.almasb.fxgl.app.services.UpdaterService, class com.almasb.fxgl.dev.DevService]
12:12:00.034 [FXGL Background Thread 3 ] DEBUG Engine               - fontGame: Abel-Regular.ttf
12:12:00.034 [FXGL Background Thread 3 ] DEBUG Engine               - fontMono: TerminalLandMono-Regular.otf
12:12:00.034 [FXGL Background Thread 3 ] DEBUG Engine               - fontText: Courier-Prime.ttf
12:12:00.034 [FXGL Background Thread 3 ] DEBUG Engine               - fontUI: VarelaRound-Regular.ttf
12:12:00.035 [FXGL Background Thread 3 ] DEBUG Engine               - fullScreen: BooleanProperty [value: false]
12:12:00.036 [FXGL Background Thread 3 ] DEBUG Engine               - gameDifficulty: MEDIUM
12:12:00.036 [FXGL Background Thread 3 ] DEBUG Engine               - gameDifficultyProperty: ObjectProperty [value: MEDIUM]
12:12:00.036 [FXGL Background Thread 3 ] DEBUG Engine               - globalMusicVolume: 0.5
12:12:00.036 [FXGL Background Thread 3 ] DEBUG Engine               - globalMusicVolumeProperty: DoubleProperty [value: 0.5]
12:12:00.036 [FXGL Background Thread 3 ] DEBUG Engine               - globalSoundVolume: 0.5
12:12:00.036 [FXGL Background Thread 3 ] DEBUG Engine               - globalSoundVolumeProperty: DoubleProperty [value: 0.5]
12:12:00.037 [FXGL Background Thread 3 ] DEBUG Engine               - height: 500
12:12:00.037 [FXGL Background Thread 3 ] DEBUG Engine               - is3D: false
12:12:00.037 [FXGL Background Thread 3 ] DEBUG Engine               - isAndroid: false
12:12:00.037 [FXGL Background Thread 3 ] DEBUG Engine               - isBrowser: false
12:12:00.037 [FXGL Background Thread 3 ] DEBUG Engine               - isClickFeedbackEnabled: false
12:12:00.037 [FXGL Background Thread 3 ] DEBUG Engine               - isCloseConfirmation: false
12:12:00.037 [FXGL Background Thread 3 ] DEBUG Engine               - isDesktop: true
12:12:00.037 [FXGL Background Thread 3 ] DEBUG Engine               - isDeveloperMenuEnabled: false
12:12:00.037 [FXGL Background Thread 3 ] DEBUG Engine               - isEmbedded: false
12:12:00.037 [FXGL Background Thread 3 ] DEBUG Engine               - isEntityPreloadEnabled: true
12:12:00.037 [FXGL Background Thread 3 ] DEBUG Engine               - isExperimentalTiledLargeMap: false
12:12:00.037 [FXGL Background Thread 3 ] DEBUG Engine               - isFileSystemWriteAllowed: true
12:12:00.037 [FXGL Background Thread 3 ] DEBUG Engine               - isFullScreenAllowed: false
12:12:00.037 [FXGL Background Thread 3 ] DEBUG Engine               - isFullScreenFromStart: false
12:12:00.037 [FXGL Background Thread 3 ] DEBUG Engine               - isGameMenuEnabled: true
12:12:00.037 [FXGL Background Thread 3 ] DEBUG Engine               - isIOS: false
12:12:00.037 [FXGL Background Thread 3 ] DEBUG Engine               - isIntroEnabled: false
12:12:00.038 [FXGL Background Thread 3 ] DEBUG Engine               - isLinux: false
12:12:00.038 [FXGL Background Thread 3 ] DEBUG Engine               - isMac: false
12:12:00.038 [FXGL Background Thread 3 ] DEBUG Engine               - isMainMenuEnabled: false
12:12:00.038 [FXGL Background Thread 3 ] DEBUG Engine               - isManualResizeEnabled: false
12:12:00.038 [FXGL Background Thread 3 ] DEBUG Engine               - isMobile: false
12:12:00.038 [FXGL Background Thread 3 ] DEBUG Engine               - isNative: false
12:12:00.038 [FXGL Background Thread 3 ] DEBUG Engine               - isPauseMusicWhenMinimized: true
12:12:00.038 [FXGL Background Thread 3 ] DEBUG Engine               - isPreserveResizeRatio: false
12:12:00.038 [FXGL Background Thread 3 ] DEBUG Engine               - isProfilingEnabled: false
12:12:00.038 [FXGL Background Thread 3 ] DEBUG Engine               - isScaleAffectedOnResize: true
12:12:00.038 [FXGL Background Thread 3 ] DEBUG Engine               - isSingleStep: false
12:12:00.042 [FXGL Background Thread 3 ] DEBUG Engine               - isUserProfileEnabled: false
12:12:00.042 [FXGL Background Thread 3 ] DEBUG Engine               - isWindows: true
12:12:00.042 [FXGL Background Thread 3 ] DEBUG Engine               - language: ObjectProperty [value: ENGLISH]
12:12:00.042 [FXGL Background Thread 3 ] DEBUG Engine               - menuKey: ESCAPE
12:12:00.042 [FXGL Background Thread 3 ] DEBUG Engine               - mouseSensitivity: 0.2
12:12:00.042 [FXGL Background Thread 3 ] DEBUG Engine               - notificationViewClass: class com.almasb.fxgl.notification.view.XboxNotificationView
12:12:00.042 [FXGL Background Thread 3 ] DEBUG Engine               - pixelsPerMeter: 50.0
12:12:00.042 [FXGL Background Thread 3 ] DEBUG Engine               - platform: WINDOWS
12:12:00.042 [FXGL Background Thread 3 ] DEBUG Engine               - prefHeightProperty: ReadOnlyDoubleProperty [value: 500.0]
12:12:00.042 [FXGL Background Thread 3 ] DEBUG Engine               - prefWidthProperty: ReadOnlyDoubleProperty [value: 700.0]
12:12:00.042 [FXGL Background Thread 3 ] DEBUG Engine               - profileDir: profiles/
12:12:00.043 [FXGL Background Thread 3 ] DEBUG Engine               - profileName: StringProperty [value: DEFAULT]
12:12:00.043 [FXGL Background Thread 3 ] DEBUG Engine               - randomSeed: -1
12:12:00.043 [FXGL Background Thread 3 ] DEBUG Engine               - runtimeInfo: RuntimeInfo(platform=WINDOWS, version=17.2, build=20.08.2022 16.50)
12:12:00.043 [FXGL Background Thread 3 ] DEBUG Engine               - saveFileExt: sav
12:12:00.044 [FXGL Background Thread 3 ] DEBUG Engine               - scaledHeightProp$fxgl: DoubleProperty [bound, value: 500.0]
12:12:00.044 [FXGL Background Thread 3 ] DEBUG Engine               - scaledWidthProp$fxgl: DoubleProperty [bound, value: 700.0]
12:12:00.044 [FXGL Background Thread 3 ] DEBUG Engine               - sceneFactory: com.almasb.fxgl.app.scene.SceneFactory@7d1f792e
12:12:00.044 [FXGL Background Thread 3 ] DEBUG Engine               - secondsIn24h: 60
12:12:00.044 [FXGL Background Thread 3 ] DEBUG Engine               - soundMenuBack: menu/back.wav
12:12:00.044 [FXGL Background Thread 3 ] DEBUG Engine               - soundMenuPress: menu/press.wav
12:12:00.044 [FXGL Background Thread 3 ] DEBUG Engine               - soundMenuSelect: menu/select.wav
12:12:00.044 [FXGL Background Thread 3 ] DEBUG Engine               - soundNotification: core/notification.wav
12:12:00.044 [FXGL Background Thread 3 ] DEBUG Engine               - stageStyle: DECORATED
12:12:00.044 [FXGL Background Thread 3 ] DEBUG Engine               - supportedLanguages: [ENGLISH, FRENCH, GERMAN, HUNGARIAN, RUSSIAN]
12:12:00.044 [FXGL Background Thread 3 ] DEBUG Engine               - ticksPerSecond: -1
12:12:00.045 [FXGL Background Thread 3 ] DEBUG Engine               - title: Intro
12:12:00.045 [FXGL Background Thread 3 ] DEBUG Engine               - urlGithub: https://github.com/AlmasB/FXGL
12:12:00.045 [FXGL Background Thread 3 ] DEBUG Engine               - urlLeaderboard: http://fxgl-top.herokuapp.com/
12:12:00.046 [FXGL Background Thread 3 ] DEBUG Engine               - urlPOM: https://raw.githubusercontent.com/AlmasB/FXGL/release/README.md
12:12:00.046 [FXGL Background Thread 3 ] DEBUG Engine               - userAppClass: class com.mycompany.deepfaked.Intro
12:12:00.046 [FXGL Background Thread 3 ] DEBUG Engine               - version: 0.0
12:12:00.046 [FXGL Background Thread 3 ] DEBUG Engine               - versionCheckDays: 7
12:12:00.046 [FXGL Background Thread 3 ] DEBUG Engine               - width: 700
12:12:00.046 [FXGL Background Thread 3 ] DEBUG Engine               - Logging services
12:12:00.046 [FXGL Background Thread 3 ] DEBUG Engine               - class com.almasb.fxgl.app.services.FXGLAssetLoaderService
12:12:00.046 [FXGL Background Thread 3 ] DEBUG Engine               - class com.almasb.fxgl.app.FXGLApplication$GameApplicationService
12:12:00.047 [FXGL Background Thread 3 ] DEBUG Engine               - class com.almasb.fxgl.app.services.FXGLDialogService
12:12:00.047 [FXGL Background Thread 3 ] DEBUG Engine               - class com.almasb.fxgl.app.services.IOTaskExecutorService
12:12:00.047 [FXGL Background Thread 3 ] DEBUG Engine               - class com.almasb.fxgl.io.FileSystemService
12:12:00.047 [FXGL Background Thread 3 ] DEBUG Engine               - class com.almasb.fxgl.localization.LocalizationService
12:12:00.048 [FXGL Background Thread 3 ] DEBUG Engine               - class com.almasb.fxgl.app.services.SystemBundleService
12:12:00.049 [FXGL Background Thread 3 ] DEBUG Engine               - class com.almasb.fxgl.profile.SaveLoadService
12:12:00.049 [FXGL Background Thread 3 ] DEBUG Engine               - class com.almasb.fxgl.ui.FXGLUIFactoryServiceProvider
12:12:00.049 [FXGL Background Thread 3 ] DEBUG Engine               - class com.almasb.fxgl.ui.FXGLDialogFactoryServiceProvider
12:12:00.049 [FXGL Background Thread 3 ] DEBUG Engine               - class com.almasb.fxgl.audio.AudioPlayer
12:12:00.049 [FXGL Background Thread 3 ] DEBUG Engine               - class com.almasb.fxgl.notification.impl.NotificationServiceProvider
12:12:00.049 [FXGL Background Thread 3 ] DEBUG Engine               - class com.almasb.fxgl.achievement.AchievementService
12:12:00.049 [FXGL Background Thread 3 ] DEBUG Engine               - class com.almasb.fxgl.cutscene.CutsceneService
12:12:00.049 [FXGL Background Thread 3 ] DEBUG Engine               - class com.almasb.fxgl.minigames.MiniGameService
12:12:00.049 [FXGL Background Thread 3 ] DEBUG Engine               - class com.almasb.fxgl.net.NetService
12:12:00.049 [FXGL Background Thread 3 ] DEBUG Engine               - class com.almasb.fxgl.app.services.UpdaterService
12:12:00.049 [FXGL Background Thread 3 ] DEBUG Engine               - class com.almasb.fxgl.dev.DevService
12:12:15.238 [JavaFX Application Thread] DEBUG FXGLApplication      - Exiting FXGL
12:12:15.239 [JavaFX Application Thread] DEBUG LoopRunner           - Stopping loop
12:12:15.239 [JavaFX Application Thread] DEBUG SystemBundleService  - Saving FXGL system data
12:12:15.248 [JavaFX Application Thread] DEBUG FileSystemAccess     - Writing to: C:\Users\ZENODotus\Documents\NetBeansProjects\Deepfaked\system\fxgl.bundle
12:12:15.254 [JavaFX Application Thread] DEBUG Async                - Shutting down background threads
12:12:15.254 [JavaFX Application Thread] DEBUG PrimaryStageWindow   - Closing main window
12:12:15.279 [JavaFX Application Thread] DEBUG Logger               - Closing Logger
